\BOOKMARK [1][-]{Doc-Start}{Introdu\347\343o}{}% 1
\BOOKMARK [0][-]{part.1}{I Hist\363ria e Conceitos relacionados a Shell}{}% 2
\BOOKMARK [1][-]{section*.1}{Resumo}{part.1}% 3
\BOOKMARK [1][-]{section*.1}{Introdu\347\343o}{part.1}% 4
\BOOKMARK [1][-]{section*.1}{Terminal vs Console vs Shell}{part.1}% 5
\BOOKMARK [2][-]{section*.2}{Terminal}{section*.1}% 6
\BOOKMARK [2][-]{figure.caption.3}{Console}{section*.1}% 7
\BOOKMARK [2][-]{figure.caption.3}{Shell}{section*.1}% 8
\BOOKMARK [1][-]{figure.caption.4}{Unix, GNU, Linux e Shell}{part.1}% 9
\BOOKMARK [1][-]{figure.caption.4}{Z Shell}{part.1}% 10
\BOOKMARK [1][-]{figure.caption.4}{Conclus\343o}{part.1}% 11
\BOOKMARK [0][-]{part.2}{II Uso B\341sico do Bash}{}% 12
\BOOKMARK [1][-]{section*.5}{Resumo}{part.2}% 13
\BOOKMARK [1][-]{section*.5}{Introdu\347\343o}{part.2}% 14
\BOOKMARK [1][-]{section*.5}{Estrutura dos comandos do Bash}{part.2}% 15
\BOOKMARK [1][-]{lstnumber.-2.1}{Arquivos e Diret\363rios}{part.2}% 16
\BOOKMARK [2][-]{section*.6}{Navega\347\343o}{lstnumber.-2.1}% 17
\BOOKMARK [1][-]{table.caption.7}{Expans\343o}{part.2}% 18
\BOOKMARK [1][-]{table.caption.9}{Redirecionamento de Entrada e Sa\355da}{part.2}% 19
\BOOKMARK [1][-]{lstnumber.-8.1}{exerc\355cio}{part.2}% 20
\BOOKMARK [1][-]{lstnumber.-11.6}{Conclus\343o}{part.2}% 21
\BOOKMARK [0][-]{part.3}{III Customiza\347\343o do ambiente}{}% 22
\BOOKMARK [1][-]{section*.11}{Resumo}{part.3}% 23
\BOOKMARK [1][-]{section*.11}{Introdu\347\343o}{part.3}% 24
\BOOKMARK [1][-]{section*.11}{Vari\341veis e Aliases}{part.3}% 25
\BOOKMARK [1][-]{section*.11}{Os arquivos de configura\347\343o e Run-Control}{part.3}% 26
\BOOKMARK [1][-]{lstnumber.-12.1}{Inicializa\347\343o do Bash}{part.3}% 27
\BOOKMARK [1][-]{lstnumber.-12.1}{conclus\343o}{part.3}% 28
